<?xml version="1.0" encoding="UTF-8"?>
<testsuite xmlns:xsi="http://www.w3.org/2001/XMLSchema-instance" xsi:noNamespaceSchemaLocation="https://maven.apache.org/surefire/maven-surefire-plugin/xsd/surefire-test-report.xsd" name="junit5.GestorCocheTest" time="0.235" tests="1" errors="1" skipped="0" failures="0">
  <properties>
[...]
</properties>
  <testcase name="testObtenerPorId" classname="junit5.GestorCocheTest" time="0.231">
    <error message="org/junit/Assert" type="java.lang.NoClassDefFoundError">java.lang.NoClassDefFoundError: org/junit/Assert
	at junit5.GestorCocheTest.testObtenerPorId(GestorCocheTest.java:18)
Caused by: java.lang.ClassNotFoundException: org.junit.Assert
	at junit5.GestorCocheTest.testObtenerPorId(GestorCocheTest.java:18)
</error>
  </testcase>
</testsuite>